2025-04-09 03:56:38,930 - __main__ - INFO - Starting Facial Recognition Surveillance System
2025-04-09 03:56:38,930 - __main__ - INFO - Initializing surveillance system...
2025-04-09 03:56:38,930 - __main__ - INFO - Initializing face detector...
2025-04-09 03:56:39,849 - __main__ - INFO - Initializing face recognizer...
2025-04-09 03:56:39,850 - __main__ - INFO - Initializing face database...
2025-04-09 03:56:39,851 - database.face_database - INFO - Loaded database with 54 identities
2025-04-09 03:56:39,851 - __main__ - INFO - Initializing memory systems...
2025-04-09 03:56:39,851 - __main__ - INFO - Initializing embedding cache...
2025-04-09 03:56:39,852 - __main__ - INFO - Initializing face tracker...
2025-04-09 03:56:39,852 - __main__ - INFO - Initializing dynamic resolution scaler...
2025-04-09 03:56:39,852 - __main__ - INFO - Initializing ROI manager...
2025-04-09 03:56:39,852 - __main__ - INFO - Initializing surveillance engine...
2025-04-09 03:56:39,852 - core.engine - INFO - Surveillance engine initialized
2025-04-09 03:56:39,852 - __main__ - INFO - Surveillance system initialized successfully
2025-04-09 03:56:39,853 - __main__ - INFO - Opening video file: C:\Users\ASUS\Downloads\WhatsApp Video 2025-04-05 at 18.51.32_df63a7bc.mp4
2025-04-09 03:56:39,932 - __main__ - INFO - Saving output to: output\processed_20250409_035639.mp4
2025-04-09 03:56:39,932 - __main__ - INFO - Starting video processing...
2025-04-09 03:56:39,967 - __main__ - ERROR - Error processing video: OpenCV(4.11.0) D:\a\opencv-python\opencv-python\opencv\modules\core\src\arithm.cpp:230: error: (-215:Assertion failed) (mtype == CV_8U || mtype == CV_8S) && _mask.sameSize(*psrc1) in function 'cv::binary_op'
Traceback (most recent call last):
  File "F:\projects\facial_surveillance_system\main.py", line 190, in process_video
    detections, process_time, fps = engine.process_frame(frame)
  File "F:\projects\facial_surveillance_system\core\engine.py", line 66, in process_frame
    detected_faces = self.detector.detect(processed_frame, roi_mask)
  File "F:\projects\facial_surveillance_system\models\detection\retinaface.py", line 51, in detect
    processed_frame = cv2.bitwise_and(processed_frame, processed_frame, mask=roi)
cv2.error: OpenCV(4.11.0) D:\a\opencv-python\opencv-python\opencv\modules\core\src\arithm.cpp:230: error: (-215:Assertion failed) (mtype == CV_8U || mtype == CV_8S) && _mask.sameSize(*psrc1) in function 'cv::binary_op'

2025-04-09 03:56:39,983 - __main__ - INFO - Processing complete. 1 frames processed in 0.00s (avg: 0.0ms/frame)
2025-04-09 03:56:39,984 - __main__ - INFO - Facial Recognition Surveillance System shut down
