2025-04-11 03:10:55,487 - __main__ - INFO - Starting Facial Recognition Surveillance System
2025-04-11 03:10:55,487 - __main__ - INFO - Initializing surveillance system...
2025-04-11 03:10:55,487 - __main__ - INFO - Initializing face detector...
2025-04-11 03:10:56,714 - __main__ - INFO - Initializing face recognizer...
2025-04-11 03:10:56,714 - __main__ - INFO - Initializing face database...
2025-04-11 03:10:56,716 - database.face_database - INFO - Loaded database with 54 identities
2025-04-11 03:10:56,718 - __main__ - INFO - Initializing memory systems...
2025-04-11 03:10:56,718 - __main__ - INFO - Initializing embedding cache...
2025-04-11 03:10:56,718 - __main__ - INFO - Initializing surveillance engine...
2025-04-11 03:10:56,718 - core.engine - INFO - Surveillance engine initialized
2025-04-11 03:10:56,718 - __main__ - INFO - Surveillance system initialized successfully
2025-04-11 03:10:56,718 - __main__ - INFO - Opening camera: 0
2025-04-11 03:10:57,032 - __main__ - INFO - Starting video processing...
2025-04-11 03:11:01,219 - core.engine - WARNING - Invalid face bbox: (-150, -317, 395, 351)
2025-04-11 03:11:01,447 - core.engine - WARNING - Invalid face bbox: (-62, -274, 475, 406)
2025-04-11 03:11:01,648 - core.engine - INFO - Recognized: shubham with confidence 0.6313
2025-04-11 03:11:01,881 - core.engine - INFO - Recognized: shubham with confidence 0.7917
2025-04-11 03:11:02,102 - core.engine - INFO - Recognized: shubham with confidence 1.0000
2025-04-11 03:11:02,343 - core.engine - INFO - Recognized: shubham with confidence 1.0000
2025-04-11 03:11:02,555 - core.engine - INFO - Recognized: shubham with confidence 1.0000
2025-04-11 03:11:10,448 - __main__ - INFO - Processing interrupted by user
2025-04-11 03:11:10,489 - __main__ - INFO - Processing complete. 61 frames processed in 11.51s (avg: 188.8ms/frame)
2025-04-11 03:11:10,489 - __main__ - INFO - Facial Recognition Surveillance System shut down
