2025-04-11 02:48:45,215 - __main__ - INFO - Starting Facial Recognition Surveillance System
2025-04-11 02:48:45,215 - __main__ - INFO - Initializing surveillance system...
2025-04-11 02:48:45,215 - __main__ - INFO - Initializing face detector...
2025-04-11 02:48:46,984 - __main__ - INFO - Initializing face recognizer...
2025-04-11 02:48:46,985 - __main__ - INFO - Initializing face database...
2025-04-11 02:48:46,995 - database.face_database - INFO - Loaded database with 54 identities
2025-04-11 02:48:46,996 - __main__ - INFO - Initializing memory systems...
2025-04-11 02:48:46,996 - __main__ - INFO - Initializing embedding cache...
2025-04-11 02:48:46,996 - __main__ - INFO - Initializing surveillance engine...
2025-04-11 02:48:46,997 - core.engine - INFO - Surveillance engine initialized
2025-04-11 02:48:46,997 - __main__ - INFO - Surveillance system initialized successfully
2025-04-11 02:48:46,997 - __main__ - INFO - Opening camera: 0
2025-04-11 02:48:47,474 - __main__ - INFO - Starting video processing...
2025-04-11 02:48:47,958 - core.engine - INFO - Recognized: shubham with confidence 0.7811
2025-04-11 02:48:48,274 - core.engine - INFO - Recognized: shubham with confidence 1.0000
2025-04-11 02:48:48,474 - core.engine - INFO - Recognized: shubham with confidence 1.0000
2025-04-11 02:48:48,684 - core.engine - INFO - Recognized: shubham with confidence 1.0000
2025-04-11 02:48:48,901 - core.engine - INFO - Recognized: shubham with confidence 1.0000
2025-04-11 02:48:49,091 - core.engine - INFO - Recognized: shubham with confidence 1.0000
2025-04-11 02:48:49,280 - core.engine - INFO - Recognized: shubham with confidence 1.0000
2025-04-11 02:48:49,500 - core.engine - INFO - Recognized: shubham with confidence 1.0000
2025-04-11 02:48:49,686 - core.engine - INFO - Recognized: shubham with confidence 1.0000
2025-04-11 02:48:49,876 - core.engine - INFO - Recognized: shubham with confidence 1.0000
2025-04-11 02:48:50,089 - core.engine - INFO - Recognized: shubham with confidence 1.0000
2025-04-11 02:48:50,294 - core.engine - INFO - Recognized: shubham with confidence 1.0000
2025-04-11 02:48:50,510 - core.engine - INFO - Recognized: shubham with confidence 1.0000
2025-04-11 02:48:50,727 - core.engine - INFO - Recognized: shubham with confidence 1.0000
2025-04-11 02:48:50,938 - core.engine - INFO - Recognized: shubham with confidence 1.0000
2025-04-11 02:48:51,136 - core.engine - INFO - Recognized: shubham with confidence 1.0000
2025-04-11 02:48:51,337 - core.engine - INFO - Recognized: shubham with confidence 1.0000
2025-04-11 02:48:51,537 - core.engine - INFO - Recognized: shubham with confidence 1.0000
2025-04-11 02:48:51,736 - core.engine - INFO - Recognized: shubham with confidence 1.0000
2025-04-11 02:48:51,946 - core.engine - INFO - Recognized: shubham with confidence 1.0000
2025-04-11 02:48:52,140 - core.engine - INFO - Recognized: shubham with confidence 1.0000
2025-04-11 02:48:52,331 - core.engine - INFO - Recognized: shubham with confidence 1.0000
2025-04-11 02:48:52,522 - core.engine - INFO - Recognized: shubham with confidence 1.0000
2025-04-11 02:48:52,727 - core.engine - INFO - Recognized: shubham with confidence 1.0000
2025-04-11 02:48:52,933 - core.engine - INFO - Recognized: shubham with confidence 1.0000
2025-04-11 02:48:53,144 - core.engine - INFO - Recognized: shubham with confidence 1.0000
2025-04-11 02:48:53,349 - core.engine - INFO - Recognized: shubham with confidence 1.0000
2025-04-11 02:48:53,557 - core.engine - INFO - Recognized: shubham with confidence 1.0000
2025-04-11 02:48:53,784 - core.engine - INFO - Recognized: shubham with confidence 1.0000
2025-04-11 02:48:54,001 - core.engine - INFO - Recognized: shubham with confidence 1.0000
2025-04-11 02:48:54,210 - core.engine - INFO - Recognized: shubham with confidence 1.0000
2025-04-11 02:48:54,422 - core.engine - INFO - Recognized: shubham with confidence 1.0000
2025-04-11 02:48:54,610 - core.engine - INFO - Recognized: shubham with confidence 1.0000
2025-04-11 02:48:54,804 - core.engine - INFO - Recognized: shubham with confidence 1.0000
2025-04-11 02:48:55,017 - core.engine - INFO - Recognized: shubham with confidence 1.0000
2025-04-11 02:48:55,233 - core.engine - INFO - Recognized: shubham with confidence 1.0000
2025-04-11 02:48:55,434 - core.engine - INFO - Recognized: shubham with confidence 1.0000
2025-04-11 02:48:55,634 - core.engine - INFO - Recognized: shubham with confidence 1.0000
2025-04-11 02:48:55,825 - core.engine - INFO - Recognized: shubham with confidence 1.0000
2025-04-11 02:48:56,042 - core.engine - INFO - Recognized: shubham with confidence 1.0000
2025-04-11 02:48:56,246 - core.engine - INFO - Recognized: shubham with confidence 1.0000
2025-04-11 02:48:56,449 - core.engine - INFO - Recognized: shubham with confidence 1.0000
2025-04-11 02:48:56,664 - core.engine - INFO - Recognized: shubham with confidence 1.0000
2025-04-11 02:48:56,872 - core.engine - INFO - Recognized: shubham with confidence 1.0000
2025-04-11 02:48:57,070 - core.engine - INFO - Recognized: shubham with confidence 1.0000
2025-04-11 02:48:57,293 - core.engine - INFO - Recognized: shubham with confidence 1.0000
2025-04-11 02:48:57,499 - core.engine - INFO - Recognized: shubham with confidence 1.0000
2025-04-11 02:48:57,695 - core.engine - INFO - Recognized: shubham with confidence 1.0000
2025-04-11 02:48:57,904 - core.engine - INFO - Recognized: shubham with confidence 1.0000
2025-04-11 02:48:58,120 - core.engine - INFO - Recognized: shubham with confidence 1.0000
2025-04-11 02:48:58,348 - core.engine - INFO - Recognized: shubham with confidence 1.0000
2025-04-11 02:48:58,560 - core.engine - INFO - Recognized: shubham with confidence 1.0000
2025-04-11 02:48:58,781 - core.engine - INFO - Recognized: shubham with confidence 1.0000
2025-04-11 02:48:59,018 - core.engine - INFO - Recognized: shubham with confidence 1.0000
2025-04-11 02:48:59,240 - core.engine - INFO - Recognized: shubham with confidence 1.0000
2025-04-11 02:48:59,483 - core.engine - INFO - Recognized: shubham with confidence 1.0000
2025-04-11 02:48:59,716 - core.engine - INFO - Recognized: shubham with confidence 1.0000
2025-04-11 02:48:59,942 - core.engine - INFO - Recognized: shubham with confidence 1.0000
2025-04-11 02:49:00,185 - core.engine - INFO - Recognized: shubham with confidence 1.0000
2025-04-11 02:49:00,428 - core.engine - INFO - Recognized: shubham with confidence 1.0000
2025-04-11 02:49:00,657 - core.engine - INFO - Recognized: shubham with confidence 1.0000
2025-04-11 02:49:00,859 - core.engine - INFO - Recognized: shubham with confidence 1.0000
2025-04-11 02:49:01,088 - core.engine - INFO - Recognized: shubham with confidence 1.0000
2025-04-11 02:49:01,303 - core.engine - INFO - Recognized: shubham with confidence 1.0000
2025-04-11 02:49:01,507 - core.engine - INFO - Recognized: shubham with confidence 1.0000
2025-04-11 02:49:01,719 - core.engine - INFO - Recognized: shubham with confidence 1.0000
2025-04-11 02:49:01,941 - core.engine - INFO - Recognized: shubham with confidence 1.0000
2025-04-11 02:49:02,125 - core.engine - INFO - Recognized: shubham with confidence 1.0000
2025-04-11 02:49:02,346 - core.engine - INFO - Recognized: shubham with confidence 1.0000
2025-04-11 02:49:02,557 - core.engine - INFO - Recognized: shubham with confidence 1.0000
2025-04-11 02:49:02,778 - core.engine - INFO - Recognized: shubham with confidence 1.0000
2025-04-11 02:49:02,986 - core.engine - INFO - Recognized: shubham with confidence 1.0000
2025-04-11 02:49:03,213 - core.engine - INFO - Recognized: shubham with confidence 1.0000
2025-04-11 02:49:03,430 - core.engine - INFO - Recognized: shubham with confidence 1.0000
2025-04-11 02:49:03,652 - core.engine - INFO - Recognized: shubham with confidence 1.0000
2025-04-11 02:49:03,881 - core.engine - INFO - Recognized: shubham with confidence 1.0000
2025-04-11 02:49:04,122 - core.engine - INFO - Recognized: shubham with confidence 1.0000
2025-04-11 02:49:04,343 - core.engine - INFO - Recognized: shubham with confidence 1.0000
2025-04-11 02:49:04,567 - core.engine - INFO - Recognized: shubham with confidence 1.0000
2025-04-11 02:49:04,778 - core.engine - INFO - Recognized: shubham with confidence 1.0000
2025-04-11 02:49:04,986 - core.engine - INFO - Recognized: shubham with confidence 1.0000
2025-04-11 02:49:05,194 - core.engine - INFO - Recognized: shubham with confidence 1.0000
2025-04-11 02:49:05,418 - core.engine - INFO - Recognized: shubham with confidence 1.0000
2025-04-11 02:49:05,630 - core.engine - INFO - Recognized: shubham with confidence 1.0000
2025-04-11 02:49:05,833 - core.engine - INFO - Recognized: shubham with confidence 1.0000
2025-04-11 02:49:06,053 - core.engine - INFO - Recognized: shubham with confidence 1.0000
2025-04-11 02:49:06,263 - core.engine - INFO - Recognized: shubham with confidence 1.0000
2025-04-11 02:49:06,481 - core.engine - INFO - Recognized: shubham with confidence 1.0000
2025-04-11 02:49:06,701 - core.engine - INFO - Recognized: shubham with confidence 1.0000
2025-04-11 02:49:06,897 - core.engine - INFO - Recognized: shubham with confidence 1.0000
2025-04-11 02:49:07,101 - core.engine - INFO - Recognized: shubham with confidence 1.0000
2025-04-11 02:49:07,311 - core.engine - INFO - Recognized: shubham with confidence 1.0000
2025-04-11 02:49:07,511 - core.engine - INFO - Recognized: shubham with confidence 1.0000
2025-04-11 02:49:07,720 - core.engine - INFO - Recognized: shubham with confidence 1.0000
2025-04-11 02:49:07,927 - core.engine - INFO - Recognized: shubham with confidence 1.0000
2025-04-11 02:49:08,132 - core.engine - INFO - Recognized: shubham with confidence 1.0000
2025-04-11 02:49:08,345 - core.engine - INFO - Recognized: shubham with confidence 1.0000
2025-04-11 02:49:08,543 - core.engine - INFO - Recognized: shubham with confidence 1.0000
2025-04-11 02:49:08,751 - core.engine - INFO - Recognized: shubham with confidence 1.0000
2025-04-11 02:49:08,957 - core.engine - INFO - Recognized: shubham with confidence 1.0000
2025-04-11 02:49:08,969 - __main__ - INFO - Processed 100 frames. Avg processing time: 186.6ms
2025-04-11 02:49:09,163 - core.engine - INFO - Recognized: shubham with confidence 1.0000
2025-04-11 02:49:09,379 - core.engine - INFO - Recognized: shubham with confidence 1.0000
2025-04-11 02:49:09,594 - core.engine - INFO - Recognized: shubham with confidence 1.0000
2025-04-11 02:49:09,806 - core.engine - INFO - Recognized: shubham with confidence 1.0000
2025-04-11 02:49:10,033 - core.engine - INFO - Recognized: shubham with confidence 1.0000
2025-04-11 02:49:10,240 - core.engine - INFO - Recognized: shubham with confidence 1.0000
2025-04-11 02:49:10,471 - core.engine - INFO - Recognized: shubham with confidence 1.0000
2025-04-11 02:49:10,693 - core.engine - INFO - Recognized: shubham with confidence 1.0000
2025-04-11 02:49:10,914 - core.engine - INFO - Recognized: shubham with confidence 1.0000
2025-04-11 02:49:11,134 - core.engine - INFO - Recognized: shubham with confidence 1.0000
2025-04-11 02:49:11,382 - core.engine - INFO - Recognized: shubham with confidence 1.0000
2025-04-11 02:49:11,599 - core.engine - INFO - Recognized: shubham with confidence 1.0000
2025-04-11 02:49:11,797 - core.engine - INFO - Recognized: shubham with confidence 1.0000
2025-04-11 02:49:12,029 - core.engine - INFO - Recognized: shubham with confidence 1.0000
2025-04-11 02:49:12,229 - core.engine - INFO - Recognized: shubham with confidence 1.0000
2025-04-11 02:49:12,450 - core.engine - INFO - Recognized: shubham with confidence 1.0000
2025-04-11 02:49:12,670 - core.engine - INFO - Recognized: shubham with confidence 1.0000
2025-04-11 02:49:12,874 - core.engine - INFO - Recognized: shubham with confidence 1.0000
2025-04-11 02:49:13,133 - core.engine - INFO - Recognized: shubham with confidence 1.0000
2025-04-11 02:49:13,367 - core.engine - INFO - Recognized: shubham with confidence 1.0000
2025-04-11 02:49:13,592 - core.engine - INFO - Recognized: shubham with confidence 1.0000
2025-04-11 02:49:13,834 - core.engine - INFO - Recognized: shubham with confidence 1.0000
2025-04-11 02:49:14,097 - core.engine - INFO - Recognized: shubham with confidence 1.0000
2025-04-11 02:49:14,374 - core.engine - INFO - Recognized: shubham with confidence 1.0000
2025-04-11 02:49:14,642 - core.engine - INFO - Recognized: shubham with confidence 1.0000
2025-04-11 02:49:14,899 - core.engine - INFO - Recognized: shubham with confidence 1.0000
2025-04-11 02:49:15,159 - core.engine - INFO - Recognized: shubham with confidence 1.0000
2025-04-11 02:49:15,422 - core.engine - INFO - Recognized: shubham with confidence 1.0000
2025-04-11 02:49:15,662 - core.engine - INFO - Recognized: shubham with confidence 1.0000
2025-04-11 02:49:15,895 - core.engine - INFO - Recognized: shubham with confidence 1.0000
2025-04-11 02:49:16,110 - core.engine - INFO - Recognized: shubham with confidence 1.0000
2025-04-11 02:49:16,389 - core.engine - INFO - Recognized: shubham with confidence 1.0000
2025-04-11 02:49:16,661 - core.engine - INFO - Recognized: shubham with confidence 1.0000
2025-04-11 02:49:16,926 - core.engine - INFO - Recognized: shubham with confidence 1.0000
2025-04-11 02:49:17,223 - core.engine - INFO - Recognized: shubham with confidence 1.0000
2025-04-11 02:49:17,522 - core.engine - INFO - Recognized: shubham with confidence 1.0000
2025-04-11 02:49:17,748 - core.engine - INFO - Recognized: shubham with confidence 1.0000
2025-04-11 02:49:18,004 - core.engine - INFO - Recognized: shubham with confidence 1.0000
2025-04-11 02:49:18,239 - core.engine - INFO - Recognized: shubham with confidence 1.0000
2025-04-11 02:49:18,478 - core.engine - INFO - Recognized: shubham with confidence 1.0000
2025-04-11 02:49:18,746 - core.engine - INFO - Recognized: shubham with confidence 1.0000
2025-04-11 02:49:18,987 - core.engine - INFO - Recognized: shubham with confidence 1.0000
2025-04-11 02:49:19,246 - core.engine - INFO - Recognized: shubham with confidence 1.0000
2025-04-11 02:49:19,503 - core.engine - INFO - Recognized: shubham with confidence 1.0000
2025-04-11 02:49:19,753 - core.engine - INFO - Recognized: shubham with confidence 1.0000
2025-04-11 02:49:19,978 - core.engine - INFO - Recognized: shubham with confidence 1.0000
2025-04-11 02:49:20,218 - core.engine - INFO - Recognized: shubham with confidence 1.0000
2025-04-11 02:49:20,417 - core.engine - INFO - Recognized: shubham with confidence 1.0000
2025-04-11 02:49:20,622 - core.engine - INFO - Recognized: shubham with confidence 1.0000
2025-04-11 02:49:20,835 - core.engine - INFO - Recognized: shubham with confidence 1.0000
2025-04-11 02:49:21,042 - core.engine - INFO - Recognized: shubham with confidence 1.0000
2025-04-11 02:49:21,247 - core.engine - INFO - Recognized: shubham with confidence 1.0000
2025-04-11 02:49:21,471 - core.engine - INFO - Recognized: shubham with confidence 1.0000
2025-04-11 02:49:21,687 - core.engine - INFO - Recognized: shubham with confidence 1.0000
2025-04-11 02:49:21,914 - core.engine - INFO - Recognized: shubham with confidence 1.0000
2025-04-11 02:49:22,147 - core.engine - INFO - Recognized: shubham with confidence 1.0000
2025-04-11 02:49:22,380 - core.engine - INFO - Recognized: shubham with confidence 1.0000
2025-04-11 02:49:22,608 - core.engine - INFO - Recognized: shubham with confidence 1.0000
2025-04-11 02:49:22,829 - core.engine - INFO - Recognized: shubham with confidence 1.0000
2025-04-11 02:49:23,059 - core.engine - INFO - Recognized: shubham with confidence 1.0000
2025-04-11 02:49:23,264 - core.engine - INFO - Recognized: shubham with confidence 1.0000
2025-04-11 02:49:23,454 - core.engine - INFO - Recognized: shubham with confidence 1.0000
2025-04-11 02:49:23,669 - core.engine - INFO - Recognized: shubham with confidence 1.0000
2025-04-11 02:49:23,887 - core.engine - INFO - Recognized: shubham with confidence 1.0000
2025-04-11 02:49:24,110 - core.engine - INFO - Recognized: shubham with confidence 1.0000
2025-04-11 02:49:24,351 - core.engine - INFO - Recognized: shubham with confidence 1.0000
2025-04-11 02:49:24,590 - core.engine - INFO - Recognized: shubham with confidence 1.0000
2025-04-11 02:49:24,816 - core.engine - INFO - Recognized: shubham with confidence 1.0000
2025-04-11 02:49:25,055 - core.engine - INFO - Recognized: shubham with confidence 1.0000
2025-04-11 02:49:25,276 - core.engine - INFO - Recognized: shubham with confidence 1.0000
2025-04-11 02:49:25,486 - core.engine - INFO - Recognized: shubham with confidence 1.0000
2025-04-11 02:49:25,766 - core.engine - INFO - Recognized: shubham with confidence 1.0000
2025-04-11 02:49:26,057 - core.engine - INFO - Recognized: shubham with confidence 1.0000
2025-04-11 02:49:26,317 - core.engine - INFO - Recognized: shubham with confidence 1.0000
2025-04-11 02:49:26,549 - core.engine - INFO - Recognized: shubham with confidence 1.0000
2025-04-11 02:49:26,795 - core.engine - INFO - Recognized: shubham with confidence 1.0000
2025-04-11 02:49:27,049 - core.engine - INFO - Recognized: shubham with confidence 1.0000
2025-04-11 02:49:27,302 - core.engine - INFO - Recognized: shubham with confidence 1.0000
2025-04-11 02:49:27,534 - core.engine - INFO - Recognized: shubham with confidence 1.0000
2025-04-11 02:49:27,800 - core.engine - INFO - Recognized: shubham with confidence 1.0000
2025-04-11 02:49:28,057 - core.engine - INFO - Recognized: shubham with confidence 1.0000
2025-04-11 02:49:28,314 - core.engine - INFO - Recognized: shubham with confidence 1.0000
2025-04-11 02:49:28,552 - core.engine - INFO - Recognized: shubham with confidence 1.0000
2025-04-11 02:49:28,812 - core.engine - INFO - Recognized: shubham with confidence 1.0000
2025-04-11 02:49:29,046 - core.engine - INFO - Recognized: shubham with confidence 1.0000
2025-04-11 02:49:29,289 - core.engine - INFO - Recognized: shubham with confidence 1.0000
2025-04-11 02:49:29,535 - core.engine - INFO - Recognized: shubham with confidence 1.0000
2025-04-11 02:49:29,775 - core.engine - INFO - Recognized: shubham with confidence 1.0000
2025-04-11 02:49:30,013 - core.engine - INFO - Recognized: shubham with confidence 1.0000
2025-04-11 02:49:31,098 - core.engine - INFO - Recognized: suraj with confidence 0.5839
2025-04-11 02:49:31,344 - core.engine - INFO - Recognized: suraj with confidence 0.7940
2025-04-11 02:49:31,581 - core.engine - INFO - Recognized: suraj with confidence 1.0000
2025-04-11 02:49:31,838 - core.engine - INFO - Recognized: suraj with confidence 1.0000
2025-04-11 02:49:32,082 - core.engine - INFO - Recognized: suraj with confidence 1.0000
2025-04-11 02:49:32,340 - core.engine - INFO - Recognized: suraj with confidence 1.0000
2025-04-11 02:49:32,352 - __main__ - INFO - Processed 200 frames. Avg processing time: 196.7ms
2025-04-11 02:49:32,582 - core.engine - INFO - Recognized: suraj with confidence 1.0000
2025-04-11 02:49:32,833 - core.engine - INFO - Recognized: suraj with confidence 1.0000
2025-04-11 02:49:33,085 - core.engine - INFO - Recognized: suraj with confidence 1.0000
2025-04-11 02:49:33,330 - core.engine - INFO - Recognized: suraj with confidence 1.0000
2025-04-11 02:49:33,585 - core.engine - INFO - Recognized: suraj with confidence 1.0000
2025-04-11 02:49:33,817 - core.engine - INFO - Recognized: suraj with confidence 1.0000
2025-04-11 02:49:34,048 - core.engine - INFO - Recognized: suraj with confidence 1.0000
2025-04-11 02:49:34,274 - core.engine - INFO - Recognized: suraj with confidence 1.0000
2025-04-11 02:49:34,475 - core.engine - INFO - Recognized: suraj with confidence 1.0000
2025-04-11 02:49:34,695 - core.engine - INFO - Recognized: suraj with confidence 1.0000
2025-04-11 02:49:34,912 - core.engine - INFO - Recognized: suraj with confidence 1.0000
2025-04-11 02:49:35,123 - core.engine - INFO - Recognized: suraj with confidence 1.0000
2025-04-11 02:49:35,321 - core.engine - INFO - Recognized: suraj with confidence 1.0000
2025-04-11 02:49:35,521 - core.engine - INFO - Recognized: suraj with confidence 1.0000
2025-04-11 02:49:35,728 - core.engine - INFO - Recognized: suraj with confidence 1.0000
2025-04-11 02:49:35,948 - core.engine - INFO - Recognized: suraj with confidence 1.0000
2025-04-11 02:49:36,169 - core.engine - INFO - Recognized: suraj with confidence 1.0000
2025-04-11 02:49:36,382 - core.engine - INFO - Recognized: suraj with confidence 1.0000
2025-04-11 02:49:36,596 - core.engine - INFO - Recognized: suraj with confidence 1.0000
2025-04-11 02:49:36,814 - core.engine - INFO - Recognized: suraj with confidence 1.0000
2025-04-11 02:49:37,054 - core.engine - INFO - Recognized: suraj with confidence 1.0000
2025-04-11 02:49:37,286 - core.engine - INFO - Recognized: suraj with confidence 1.0000
2025-04-11 02:49:37,535 - core.engine - INFO - Recognized: suraj with confidence 1.0000
2025-04-11 02:49:37,747 - core.engine - INFO - Recognized: suraj with confidence 1.0000
2025-04-11 02:49:37,984 - core.engine - INFO - Recognized: suraj with confidence 1.0000
2025-04-11 02:49:38,203 - core.engine - INFO - Recognized: suraj with confidence 1.0000
2025-04-11 02:49:38,436 - core.engine - INFO - Recognized: suraj with confidence 1.0000
2025-04-11 02:49:38,642 - core.engine - INFO - Recognized: suraj with confidence 1.0000
2025-04-11 02:49:38,853 - core.engine - INFO - Recognized: suraj with confidence 1.0000
2025-04-11 02:49:39,078 - core.engine - INFO - Recognized: suraj with confidence 1.0000
2025-04-11 02:49:39,306 - core.engine - INFO - Recognized: suraj with confidence 1.0000
2025-04-11 02:49:39,530 - core.engine - INFO - Recognized: suraj with confidence 1.0000
2025-04-11 02:49:39,738 - core.engine - INFO - Recognized: suraj with confidence 1.0000
2025-04-11 02:49:39,946 - core.engine - INFO - Recognized: suraj with confidence 1.0000
2025-04-11 02:49:40,166 - core.engine - INFO - Recognized: suraj with confidence 1.0000
2025-04-11 02:49:40,386 - core.engine - INFO - Recognized: suraj with confidence 1.0000
2025-04-11 02:49:40,598 - core.engine - INFO - Recognized: suraj with confidence 1.0000
2025-04-11 02:49:40,819 - core.engine - INFO - Recognized: suraj with confidence 1.0000
2025-04-11 02:49:41,028 - core.engine - INFO - Recognized: suraj with confidence 1.0000
2025-04-11 02:49:41,258 - core.engine - INFO - Recognized: suraj with confidence 1.0000
2025-04-11 02:49:41,483 - core.engine - INFO - Recognized: suraj with confidence 1.0000
2025-04-11 02:49:41,712 - core.engine - INFO - Recognized: suraj with confidence 1.0000
2025-04-11 02:49:41,932 - core.engine - INFO - Recognized: suraj with confidence 1.0000
2025-04-11 02:49:42,144 - core.engine - INFO - Recognized: suraj with confidence 1.0000
2025-04-11 02:49:42,359 - core.engine - INFO - Recognized: suraj with confidence 1.0000
2025-04-11 02:49:42,602 - core.engine - INFO - Recognized: suraj with confidence 1.0000
2025-04-11 02:49:42,807 - core.engine - INFO - Recognized: suraj with confidence 1.0000
2025-04-11 02:49:43,022 - core.engine - INFO - Recognized: suraj with confidence 1.0000
2025-04-11 02:49:43,254 - core.engine - INFO - Recognized: suraj with confidence 1.0000
2025-04-11 02:49:43,483 - core.engine - INFO - Recognized: suraj with confidence 1.0000
2025-04-11 02:49:43,734 - core.engine - INFO - Recognized: suraj with confidence 1.0000
2025-04-11 02:49:43,961 - core.engine - INFO - Recognized: suraj with confidence 1.0000
2025-04-11 02:49:44,184 - core.engine - INFO - Recognized: suraj with confidence 1.0000
2025-04-11 02:49:44,513 - core.engine - INFO - Recognized: suraj with confidence 0.8618
2025-04-11 02:49:47,020 - core.engine - INFO - Recognized: suraj with confidence 0.8313
2025-04-11 02:49:47,236 - core.engine - INFO - Recognized: suraj with confidence 1.0000
2025-04-11 02:49:47,474 - core.engine - INFO - Recognized: suraj with confidence 1.0000
2025-04-11 02:49:47,726 - core.engine - INFO - Recognized: suraj with confidence 1.0000
2025-04-11 02:49:47,936 - core.engine - INFO - Recognized: suraj with confidence 1.0000
2025-04-11 02:49:48,173 - core.engine - INFO - Recognized: suraj with confidence 1.0000
2025-04-11 02:49:48,403 - core.engine - INFO - Recognized: suraj with confidence 1.0000
2025-04-11 02:49:48,643 - core.engine - INFO - Recognized: suraj with confidence 1.0000
2025-04-11 02:49:48,868 - core.engine - INFO - Recognized: suraj with confidence 1.0000
2025-04-11 02:49:49,217 - core.engine - INFO - Recognized: suraj with confidence 1.0000
2025-04-11 02:49:49,617 - core.engine - INFO - Recognized: suraj with confidence 1.0000
2025-04-11 02:49:49,865 - core.engine - INFO - Recognized: suraj with confidence 1.0000
2025-04-11 02:49:50,105 - core.engine - INFO - Recognized: suraj with confidence 1.0000
2025-04-11 02:49:50,351 - core.engine - INFO - Recognized: suraj with confidence 1.0000
2025-04-11 02:49:50,603 - core.engine - INFO - Recognized: suraj with confidence 1.0000
2025-04-11 02:49:50,836 - core.engine - INFO - Recognized: suraj with confidence 1.0000
2025-04-11 02:49:51,065 - core.engine - INFO - Recognized: suraj with confidence 1.0000
2025-04-11 02:49:51,310 - core.engine - INFO - Recognized: suraj with confidence 1.0000
2025-04-11 02:49:51,534 - core.engine - INFO - Recognized: suraj with confidence 1.0000
2025-04-11 02:49:51,761 - core.engine - INFO - Recognized: suraj with confidence 1.0000
2025-04-11 02:49:51,991 - core.engine - INFO - Recognized: suraj with confidence 1.0000
2025-04-11 02:49:52,215 - core.engine - INFO - Recognized: suraj with confidence 1.0000
2025-04-11 02:49:52,436 - core.engine - INFO - Recognized: suraj with confidence 1.0000
2025-04-11 02:49:52,655 - core.engine - INFO - Recognized: suraj with confidence 1.0000
2025-04-11 02:49:52,853 - core.engine - INFO - Recognized: suraj with confidence 0.6355
2025-04-11 02:49:52,866 - __main__ - INFO - Processed 300 frames. Avg processing time: 189.7ms
2025-04-11 02:49:59,324 - core.engine - WARNING - Invalid face bbox: (262, -230, 760, 441)
2025-04-11 02:49:59,581 - core.engine - WARNING - Invalid face bbox: (66, -170, 579, 513)
2025-04-11 02:49:59,888 - core.engine - WARNING - Invalid face bbox: (395, -106, 884, 567)
2025-04-11 02:50:00,167 - core.engine - WARNING - Invalid face bbox: (285, -12, 770, 631)
2025-04-11 02:50:00,503 - core.engine - INFO - Recognized: shubham with confidence 0.8892
2025-04-11 02:50:03,811 - core.engine - WARNING - Invalid face bbox: (-171, -5, 248, 525)
2025-04-11 02:50:04,950 - core.engine - WARNING - Invalid face bbox: (364, -244, 773, 282)
2025-04-11 02:50:05,167 - core.engine - WARNING - Invalid face bbox: (405, -28, 789, 489)
2025-04-11 02:50:05,385 - core.engine - WARNING - Invalid face bbox: (403, -42, 788, 495)
2025-04-11 02:50:05,620 - core.engine - WARNING - Invalid face bbox: (425, -21, 808, 498)
2025-04-11 02:50:05,847 - core.engine - WARNING - Invalid face bbox: (448, -12, 828, 506)
2025-04-11 02:50:06,074 - core.engine - WARNING - Invalid face bbox: (453, -15, 834, 499)
2025-04-11 02:50:06,310 - core.engine - WARNING - Invalid face bbox: (448, -19, 834, 506)
2025-04-11 02:50:06,524 - core.engine - INFO - Recognized: shubham with confidence 0.8015
2025-04-11 02:50:06,764 - core.engine - INFO - Recognized: shubham with confidence 1.0000
2025-04-11 02:50:06,984 - core.engine - INFO - Recognized: shubham with confidence 1.0000
2025-04-11 02:50:07,220 - core.engine - INFO - Recognized: shubham with confidence 1.0000
2025-04-11 02:50:07,438 - core.engine - INFO - Recognized: shubham with confidence 1.0000
2025-04-11 02:50:07,666 - core.engine - INFO - Recognized: shubham with confidence 1.0000
2025-04-11 02:50:07,892 - core.engine - INFO - Recognized: shubham with confidence 1.0000
2025-04-11 02:50:08,104 - core.engine - INFO - Recognized: shubham with confidence 1.0000
2025-04-11 02:50:08,339 - core.engine - INFO - Recognized: shubham with confidence 1.0000
2025-04-11 02:50:08,350 - __main__ - INFO - Processed 400 frames. Avg processing time: 175.3ms
2025-04-11 02:50:08,589 - core.engine - INFO - Recognized: shubham with confidence 1.0000
2025-04-11 02:50:08,807 - core.engine - INFO - Recognized: shubham with confidence 1.0000
2025-04-11 02:50:09,005 - core.engine - INFO - Recognized: shubham with confidence 1.0000
2025-04-11 02:50:09,213 - core.engine - INFO - Recognized: shubham with confidence 1.0000
2025-04-11 02:50:09,445 - core.engine - INFO - Recognized: shubham with confidence 1.0000
2025-04-11 02:50:09,667 - core.engine - INFO - Recognized: shubham with confidence 1.0000
2025-04-11 02:50:09,885 - core.engine - INFO - Recognized: shubham with confidence 1.0000
2025-04-11 02:50:10,161 - core.engine - INFO - Recognized: shubham with confidence 1.0000
2025-04-11 02:50:10,428 - core.engine - INFO - Recognized: shubham with confidence 1.0000
2025-04-11 02:50:10,547 - __main__ - INFO - Processing interrupted by user
2025-04-11 02:50:10,598 - __main__ - INFO - Processing complete. 410 frames processed in 71.96s (avg: 175.5ms/frame)
2025-04-11 02:50:10,600 - __main__ - INFO - Facial Recognition Surveillance System shut down
