2025-04-10 04:31:05,577 - __main__ - INFO - Starting Facial Recognition Surveillance System
2025-04-10 04:31:05,578 - __main__ - INFO - Initializing surveillance system...
2025-04-10 04:31:05,578 - __main__ - INFO - Initializing face detector...
2025-04-10 04:31:06,669 - __main__ - INFO - Initializing face recognizer...
2025-04-10 04:31:06,669 - __main__ - INFO - Initializing face database...
2025-04-10 04:31:06,670 - database.face_database - INFO - Loaded database with 54 identities
2025-04-10 04:31:06,670 - __main__ - INFO - Initializing memory systems...
2025-04-10 04:31:06,670 - __main__ - INFO - Initializing embedding cache...
2025-04-10 04:31:06,671 - __main__ - INFO - Initializing face tracker...
2025-04-10 04:31:06,671 - __main__ - INFO - Initializing dynamic resolution scaler...
2025-04-10 04:31:06,672 - __main__ - INFO - Initializing ROI manager...
2025-04-10 04:31:06,672 - __main__ - INFO - Initializing surveillance engine...
2025-04-10 04:31:06,672 - core.engine - INFO - Surveillance engine initialized
2025-04-10 04:31:06,672 - __main__ - INFO - Surveillance system initialized successfully
2025-04-10 04:31:06,673 - __main__ - INFO - Opening camera: 0
2025-04-10 04:31:06,995 - __main__ - INFO - Starting video processing...
2025-04-10 04:31:11,251 - __main__ - INFO - Processed 100 frames. Avg processing time: 28.6ms
2025-04-10 04:31:15,325 - __main__ - INFO - Processed 200 frames. Avg processing time: 27.6ms
2025-04-10 04:31:20,298 - __main__ - INFO - Processed 300 frames. Avg processing time: 29.8ms
2025-04-10 04:31:25,444 - __main__ - INFO - Processed 400 frames. Avg processing time: 30.7ms
2025-04-10 04:31:25,475 - __main__ - INFO - Processing interrupted by user
2025-04-10 04:31:25,509 - __main__ - INFO - Processing complete. 401 frames processed in 12.27s (avg: 30.6ms/frame)
2025-04-10 04:31:25,511 - __main__ - INFO - Facial Recognition Surveillance System shut down
