2025-04-10 03:25:11,196 - __main__ - INFO - Starting Facial Recognition Surveillance System
2025-04-10 03:25:11,196 - __main__ - INFO - Initializing surveillance system...
2025-04-10 03:25:11,196 - __main__ - INFO - Initializing face detector...
2025-04-10 03:25:12,808 - __main__ - INFO - Initializing face recognizer...
2025-04-10 03:25:12,808 - __main__ - INFO - Initializing face database...
2025-04-10 03:25:12,819 - database.face_database - INFO - Loaded database with 54 identities
2025-04-10 03:25:12,819 - __main__ - INFO - Initializing memory systems...
2025-04-10 03:25:12,819 - __main__ - INFO - Initializing embedding cache...
2025-04-10 03:25:12,819 - __main__ - INFO - Initializing face tracker...
2025-04-10 03:25:12,820 - __main__ - INFO - Initializing dynamic resolution scaler...
2025-04-10 03:25:12,821 - __main__ - INFO - Initializing ROI manager...
2025-04-10 03:25:12,821 - __main__ - INFO - Initializing surveillance engine...
2025-04-10 03:25:12,821 - core.engine - INFO - Surveillance engine initialized
2025-04-10 03:25:12,821 - __main__ - INFO - Surveillance system initialized successfully
2025-04-10 03:25:12,823 - __main__ - INFO - Opening video file: C:\Users\ASUS\Downloads\WhatsApp Video 2025-04-05 at 18.51.32_df63a7bc.mp4
2025-04-10 03:25:12,914 - __main__ - INFO - Saving output to: output\processed_20250410_032512.mp4
2025-04-10 03:25:12,914 - __main__ - INFO - Starting video processing...
2025-04-10 03:25:17,323 - __main__ - INFO - Processed 100 frames. Avg processing time: 31.3ms
2025-04-10 03:25:21,641 - __main__ - INFO - Processed 200 frames. Avg processing time: 31.4ms
2025-04-10 03:25:25,961 - __main__ - INFO - Processed 300 frames. Avg processing time: 31.5ms
2025-04-10 03:25:30,185 - __main__ - INFO - Processed 400 frames. Avg processing time: 31.4ms
2025-04-10 03:25:34,376 - __main__ - INFO - Processed 500 frames. Avg processing time: 31.1ms
2025-04-10 03:25:36,575 - __main__ - INFO - End of video stream or error reading frame
2025-04-10 03:25:36,609 - __main__ - INFO - Processing complete. 549 frames processed in 17.17s (avg: 31.3ms/frame)
2025-04-10 03:25:36,611 - __main__ - INFO - Facial Recognition Surveillance System shut down
