2025-04-10 04:33:34,750 - __main__ - INFO - Starting Facial Recognition Surveillance System
2025-04-10 04:33:34,751 - __main__ - INFO - Initializing surveillance system...
2025-04-10 04:33:34,751 - __main__ - INFO - Initializing face detector...
2025-04-10 04:33:35,935 - __main__ - INFO - Initializing face recognizer...
2025-04-10 04:33:35,935 - __main__ - INFO - Initializing face database...
2025-04-10 04:33:35,937 - database.face_database - INFO - Loaded database with 54 identities
2025-04-10 04:33:35,937 - __main__ - INFO - Initializing memory systems...
2025-04-10 04:33:35,938 - __main__ - INFO - Initializing embedding cache...
2025-04-10 04:33:35,938 - __main__ - INFO - Initializing face tracker...
2025-04-10 04:33:35,938 - __main__ - INFO - Initializing dynamic resolution scaler...
2025-04-10 04:33:35,939 - __main__ - INFO - Initializing ROI manager...
2025-04-10 04:33:35,939 - __main__ - INFO - Initializing surveillance engine...
2025-04-10 04:33:35,939 - core.engine - INFO - Surveillance engine initialized
2025-04-10 04:33:35,940 - __main__ - INFO - Surveillance system initialized successfully
2025-04-10 04:33:35,940 - __main__ - INFO - Opening video file: C:\Users\ASUS\Downloads\WhatsApp Video 2025-04-05 at 18.51.32_df63a7bc.mp4
2025-04-10 04:33:36,031 - __main__ - INFO - Saving output to: output\processed_20250410_043336.mp4
2025-04-10 04:33:36,032 - __main__ - INFO - Starting video processing...
2025-04-10 04:33:40,674 - __main__ - INFO - Processed 100 frames. Avg processing time: 32.6ms
2025-04-10 04:33:45,158 - __main__ - INFO - Processed 200 frames. Avg processing time: 32.4ms
2025-04-10 04:33:49,336 - __main__ - INFO - Processed 300 frames. Avg processing time: 31.2ms
2025-04-10 04:33:53,485 - __main__ - INFO - Processed 400 frames. Avg processing time: 30.7ms
2025-04-10 04:33:57,776 - __main__ - INFO - Processed 500 frames. Avg processing time: 30.6ms
2025-04-10 04:34:00,219 - __main__ - INFO - End of video stream or error reading frame
2025-04-10 04:34:00,238 - __main__ - INFO - Processing complete. 549 frames processed in 17.12s (avg: 31.2ms/frame)
2025-04-10 04:34:00,239 - __main__ - INFO - Facial Recognition Surveillance System shut down
