2025-04-11 03:03:48,878 - __main__ - INFO - Starting Facial Recognition Surveillance System
2025-04-11 03:03:48,878 - __main__ - INFO - Initializing surveillance system...
2025-04-11 03:03:48,878 - __main__ - INFO - Initializing face detector...
2025-04-11 03:03:49,964 - __main__ - INFO - Initializing face recognizer...
2025-04-11 03:03:49,964 - __main__ - INFO - Initializing face database...
2025-04-11 03:03:49,964 - database.face_database - INFO - Loaded database with 54 identities
2025-04-11 03:03:49,964 - __main__ - INFO - Initializing memory systems...
2025-04-11 03:03:49,966 - __main__ - INFO - Initializing embedding cache...
2025-04-11 03:03:49,966 - __main__ - INFO - Initializing face tracker...
2025-04-11 03:03:49,966 - __main__ - INFO - Initializing surveillance engine...
2025-04-11 03:03:49,966 - core.engine - INFO - Surveillance engine initialized
2025-04-11 03:03:49,966 - __main__ - INFO - Surveillance system initialized successfully
2025-04-11 03:03:49,966 - __main__ - INFO - Opening camera: 0
2025-04-11 03:03:50,294 - __main__ - INFO - Starting video processing...
2025-04-11 03:03:50,705 - core.engine - WARNING - Invalid face bbox: (513, -47, 1026, 629)
2025-04-11 03:03:50,998 - core.engine - WARNING - Invalid face bbox: (519, -35, 1032, 636)
2025-04-11 03:03:51,212 - core.engine - WARNING - Invalid face bbox: (526, -46, 1044, 632)
2025-04-11 03:03:51,448 - core.engine - WARNING - Invalid face bbox: (527, -49, 1038, 619)
2025-04-11 03:03:51,670 - core.engine - WARNING - Invalid face bbox: (533, -25, 1047, 647)
2025-04-11 03:03:51,884 - core.engine - INFO - Recognized: shubham with confidence 0.7651
2025-04-11 03:03:52,108 - core.engine - WARNING - Invalid face bbox: (519, 217, 1015, 802)
2025-04-11 03:03:52,297 - core.engine - WARNING - Invalid face bbox: (517, 269, 1023, 895)
2025-04-11 03:03:52,501 - core.engine - WARNING - Invalid face bbox: (514, 269, 1015, 899)
2025-04-11 03:03:52,705 - core.engine - WARNING - Invalid face bbox: (518, 268, 1021, 890)
2025-04-11 03:03:52,908 - core.engine - WARNING - Invalid face bbox: (527, 231, 1021, 842)
2025-04-11 03:03:53,105 - core.engine - WARNING - Invalid face bbox: (534, 185, 1044, 762)
2025-04-11 03:03:53,316 - core.engine - WARNING - Invalid face bbox: (535, 168, 1047, 755)
2025-04-11 03:03:53,513 - core.engine - WARNING - Invalid face bbox: (538, 166, 1047, 749)
2025-04-11 03:03:53,718 - core.engine - WARNING - Invalid face bbox: (535, 162, 1047, 750)
2025-04-11 03:03:53,930 - core.engine - WARNING - Invalid face bbox: (527, 161, 1033, 744)
2025-04-11 03:03:54,134 - core.engine - WARNING - Invalid face bbox: (515, 138, 1022, 733)
2025-04-11 03:03:54,329 - core.engine - INFO - Recognized: shubham with confidence 0.5650
2025-04-11 03:03:54,550 - core.engine - WARNING - Invalid face bbox: (499, -12, 1010, 665)
2025-04-11 03:03:54,753 - core.engine - WARNING - Invalid face bbox: (486, -26, 1001, 659)
2025-04-11 03:03:54,960 - core.engine - WARNING - Invalid face bbox: (491, -22, 1001, 658)
2025-04-11 03:03:55,170 - core.engine - WARNING - Invalid face bbox: (488, -18, 1001, 670)
2025-04-11 03:03:55,394 - core.engine - INFO - Recognized: shubham with confidence 0.7445
2025-04-11 03:03:55,594 - core.engine - INFO - Recognized: shubham with confidence 1.0000
2025-04-11 03:03:55,790 - core.engine - INFO - Recognized: shubham with confidence 1.0000
2025-04-11 03:03:56,001 - core.engine - INFO - Recognized: shubham with confidence 1.0000
2025-04-11 03:03:56,216 - core.engine - INFO - Recognized: shubham with confidence 1.0000
2025-04-11 03:03:56,445 - core.engine - INFO - Recognized: shubham with confidence 1.0000
2025-04-11 03:03:56,688 - core.engine - WARNING - Invalid face bbox: (347, -22, 871, 644)
2025-04-11 03:03:58,502 - core.engine - INFO - Recognized: suraj with confidence 0.6071
2025-04-11 03:03:58,729 - core.engine - INFO - Recognized: suraj with confidence 0.8382
2025-04-11 03:03:58,962 - core.engine - INFO - Recognized: suraj with confidence 1.0000
2025-04-11 03:03:59,189 - core.engine - INFO - Recognized: suraj with confidence 0.9415
2025-04-11 03:03:59,420 - core.engine - INFO - Recognized: suraj with confidence 1.0000
2025-04-11 03:03:59,665 - core.engine - INFO - Recognized: suraj with confidence 1.0000
2025-04-11 03:03:59,913 - core.engine - INFO - Recognized: suraj with confidence 0.9233
2025-04-11 03:04:00,149 - core.engine - INFO - Recognized: suraj with confidence 0.8440
2025-04-11 03:04:00,377 - core.engine - INFO - Recognized: suraj with confidence 0.8679
2025-04-11 03:04:00,596 - core.engine - INFO - Recognized: suraj with confidence 0.8485
2025-04-11 03:04:00,839 - core.engine - INFO - Recognized: suraj with confidence 1.0000
2025-04-11 03:04:01,063 - core.engine - INFO - Recognized: suraj with confidence 0.8862
2025-04-11 03:04:01,278 - core.engine - INFO - Recognized: suraj with confidence 0.7053
2025-04-11 03:04:01,496 - core.engine - INFO - Recognized: suraj with confidence 0.8220
2025-04-11 03:04:01,721 - core.engine - INFO - Recognized: suraj with confidence 0.7083
2025-04-11 03:04:01,948 - core.engine - INFO - Recognized: suraj with confidence 0.6702
2025-04-11 03:04:02,170 - core.engine - INFO - Recognized: suraj with confidence 0.7179
2025-04-11 03:04:02,403 - core.engine - INFO - Recognized: suraj with confidence 0.9821
2025-04-11 03:04:02,619 - core.engine - INFO - Recognized: suraj with confidence 0.8970
2025-04-11 03:04:02,814 - core.engine - INFO - Recognized: suraj with confidence 0.8219
2025-04-11 03:04:03,053 - core.engine - INFO - Recognized: suraj with confidence 0.7428
2025-04-11 03:04:03,254 - core.engine - INFO - Recognized: suraj with confidence 0.8179
2025-04-11 03:04:03,492 - core.engine - INFO - Recognized: suraj with confidence 0.8012
2025-04-11 03:04:03,704 - core.engine - INFO - Recognized: suraj with confidence 0.7836
2025-04-11 03:04:03,928 - core.engine - INFO - Recognized: suraj with confidence 0.7737
2025-04-11 03:04:04,119 - core.engine - INFO - Recognized: suraj with confidence 1.0000
2025-04-11 03:04:04,336 - core.engine - INFO - Recognized: suraj with confidence 1.0000
2025-04-11 03:04:04,553 - core.engine - INFO - Recognized: suraj with confidence 1.0000
2025-04-11 03:04:05,489 - core.engine - INFO - Recognized: suraj with confidence 0.2405
2025-04-11 03:04:05,711 - core.engine - INFO - Recognized: suraj with confidence 0.8095
2025-04-11 03:04:05,927 - core.engine - INFO - Recognized: suraj with confidence 0.8049
2025-04-11 03:04:06,146 - core.engine - INFO - Recognized: suraj with confidence 0.7971
2025-04-11 03:04:06,372 - core.engine - INFO - Recognized: suraj with confidence 1.0000
2025-04-11 03:04:06,564 - core.engine - INFO - Recognized: suraj with confidence 1.0000
2025-04-11 03:04:06,769 - core.engine - INFO - Recognized: suraj with confidence 1.0000
2025-04-11 03:04:06,999 - core.engine - INFO - Recognized: suraj with confidence 1.0000
2025-04-11 03:04:07,225 - core.engine - INFO - Recognized: suraj with confidence 1.0000
2025-04-11 03:04:07,452 - core.engine - INFO - Recognized: suraj with confidence 1.0000
2025-04-11 03:04:07,665 - core.engine - INFO - Recognized: suraj with confidence 1.0000
2025-04-11 03:04:07,884 - core.engine - INFO - Recognized: suraj with confidence 0.9295
2025-04-11 03:04:08,103 - core.engine - INFO - Recognized: suraj with confidence 0.8534
2025-04-11 03:04:08,301 - core.engine - INFO - Recognized: suraj with confidence 0.8731
2025-04-11 03:04:08,529 - core.engine - INFO - Recognized: suraj with confidence 0.8086
2025-04-11 03:04:08,754 - core.engine - INFO - Recognized: suraj with confidence 0.7189
2025-04-11 03:04:09,487 - core.engine - WARNING - Invalid face bbox: (1163, 12, 1339, 227)
2025-04-11 03:04:09,724 - core.engine - INFO - Recognized: suraj with confidence 0.8925
2025-04-11 03:04:09,960 - core.engine - INFO - Recognized: suraj with confidence 1.0000
2025-04-11 03:04:10,188 - core.engine - WARNING - Invalid face bbox: (1109, 98, 1293, 310)
2025-04-11 03:04:10,394 - core.engine - WARNING - Invalid face bbox: (1115, 93, 1299, 308)
2025-04-11 03:04:10,599 - core.engine - WARNING - Invalid face bbox: (1114, 74, 1293, 291)
2025-04-11 03:04:10,606 - __main__ - INFO - Processed 100 frames. Avg processing time: 179.3ms
2025-04-11 03:04:10,818 - core.engine - WARNING - Invalid face bbox: (1108, 76, 1287, 291)
2025-04-11 03:04:11,049 - core.engine - WARNING - Invalid face bbox: (1127, 76, 1303, 286)
2025-04-11 03:04:11,279 - core.engine - INFO - Recognized: suraj with confidence 0.8216
2025-04-11 03:04:11,481 - core.engine - WARNING - Invalid face bbox: (1171, 96, 1350, 327)
2025-04-11 03:04:11,710 - core.engine - INFO - Recognized: suraj with confidence 0.7159
2025-04-11 03:04:11,932 - core.engine - INFO - Recognized: suraj with confidence 0.7303
2025-04-11 03:04:12,137 - core.engine - INFO - Recognized: suraj with confidence 1.0000
2025-04-11 03:04:12,348 - core.engine - INFO - Recognized: suraj with confidence 0.9507
2025-04-11 03:04:12,585 - core.engine - INFO - Recognized: suraj with confidence 1.0000
2025-04-11 03:04:12,800 - core.engine - INFO - Recognized: suraj with confidence 1.0000
2025-04-11 03:04:13,012 - core.engine - INFO - Recognized: suraj with confidence 1.0000
2025-04-11 03:04:13,244 - core.engine - INFO - Recognized: suraj with confidence 1.0000
2025-04-11 03:04:13,465 - core.engine - INFO - Recognized: suraj with confidence 0.9493
2025-04-11 03:04:13,692 - core.engine - INFO - Recognized: suraj with confidence 1.0000
2025-04-11 03:04:13,912 - core.engine - INFO - Recognized: suraj with confidence 1.0000
2025-04-11 03:04:14,121 - core.engine - INFO - Recognized: suraj with confidence 1.0000
2025-04-11 03:04:14,334 - core.engine - INFO - Recognized: suraj with confidence 1.0000
2025-04-11 03:04:14,559 - core.engine - INFO - Recognized: suraj with confidence 1.0000
2025-04-11 03:04:14,770 - core.engine - INFO - Recognized: suraj with confidence 1.0000
2025-04-11 03:04:14,974 - core.engine - INFO - Recognized: suraj with confidence 1.0000
2025-04-11 03:04:15,175 - core.engine - INFO - Recognized: suraj with confidence 1.0000
2025-04-11 03:04:15,378 - core.engine - INFO - Recognized: suraj with confidence 1.0000
2025-04-11 03:04:15,598 - core.engine - INFO - Recognized: suraj with confidence 0.9365
2025-04-11 03:04:15,813 - core.engine - INFO - Recognized: suraj with confidence 0.7996
2025-04-11 03:04:17,191 - core.engine - WARNING - Invalid face bbox: (-151, -122, 454, 634)
2025-04-11 03:04:17,427 - core.engine - WARNING - Invalid face bbox: (103, -190, 695, 586)
2025-04-11 03:04:17,649 - core.engine - WARNING - Invalid face bbox: (324, -133, 873, 612)
2025-04-11 03:04:17,873 - core.engine - WARNING - Invalid face bbox: (178, -88, 725, 658)
2025-04-11 03:04:18,089 - core.engine - WARNING - Invalid face bbox: (89, -26, 635, 691)
2025-04-11 03:04:18,298 - core.engine - WARNING - Invalid face bbox: (101, 125, 641, 740)
2025-04-11 03:04:18,509 - core.engine - WARNING - Invalid face bbox: (75, 188, 610, 793)
2025-04-11 03:04:18,707 - core.engine - WARNING - Invalid face bbox: (8, 319, 563, 996)
2025-04-11 03:04:18,904 - core.engine - WARNING - Invalid face bbox: (-16, 321, 526, 981)
2025-04-11 03:04:19,111 - core.engine - WARNING - Invalid face bbox: (-40, 279, 511, 917)
2025-04-11 03:04:19,353 - core.engine - WARNING - Invalid face bbox: (-36, 248, 499, 855)
2025-04-11 03:04:19,575 - core.engine - WARNING - Invalid face bbox: (-76, 143, 493, 753)
2025-04-11 03:04:19,790 - core.engine - WARNING - Invalid face bbox: (-63, 50, 500, 718)
2025-04-11 03:04:19,993 - core.engine - WARNING - Invalid face bbox: (-81, -21, 488, 690)
2025-04-11 03:04:20,210 - core.engine - WARNING - Invalid face bbox: (-82, -11, 494, 690)
2025-04-11 03:04:20,425 - core.engine - WARNING - Invalid face bbox: (-106, -10, 460, 700)
2025-04-11 03:04:20,620 - core.engine - WARNING - Invalid face bbox: (-225, 25, 226, 706)
2025-04-11 03:04:21,276 - core.engine - WARNING - Invalid face bbox: (-121, 111, 410, 724)
2025-04-11 03:04:21,465 - core.engine - WARNING - Invalid face bbox: (-40, 128, 503, 730)
2025-04-11 03:04:21,679 - core.engine - WARNING - Invalid face bbox: (-26, 132, 517, 739)
2025-04-11 03:04:21,882 - core.engine - WARNING - Invalid face bbox: (185, 196, 683, 760)
2025-04-11 03:04:22,108 - core.engine - WARNING - Invalid face bbox: (251, 214, 747, 770)
2025-04-11 03:04:22,309 - core.engine - WARNING - Invalid face bbox: (346, 253, 830, 831)
2025-04-11 03:04:22,509 - core.engine - WARNING - Invalid face bbox: (428, 293, 916, 865)
2025-04-11 03:04:22,715 - core.engine - WARNING - Invalid face bbox: (407, 289, 894, 851)
2025-04-11 03:04:22,916 - core.engine - WARNING - Invalid face bbox: (341, 204, 838, 769)
2025-04-11 03:04:23,113 - core.engine - INFO - Recognized: shubham with confidence 0.8590
2025-04-11 03:04:23,332 - core.engine - INFO - Recognized: shubham with confidence 1.0000
2025-04-11 03:04:23,558 - core.engine - INFO - Recognized: shubham with confidence 1.0000
2025-04-11 03:04:23,774 - core.engine - INFO - Recognized: shubham with confidence 1.0000
2025-04-11 03:04:23,981 - core.engine - INFO - Recognized: shubham with confidence 1.0000
2025-04-11 03:04:24,214 - core.engine - INFO - Recognized: shubham with confidence 1.0000
2025-04-11 03:04:24,437 - core.engine - INFO - Recognized: shubham with confidence 1.0000
2025-04-11 03:04:24,662 - core.engine - INFO - Recognized: shubham with confidence 1.0000
2025-04-11 03:04:24,881 - core.engine - INFO - Recognized: shubham with confidence 1.0000
2025-04-11 03:04:25,116 - core.engine - INFO - Recognized: shubham with confidence 1.0000
2025-04-11 03:04:25,344 - core.engine - WARNING - Invalid face bbox: (281, 96, 798, 726)
2025-04-11 03:04:25,547 - core.engine - WARNING - Invalid face bbox: (278, 91, 793, 727)
2025-04-11 03:04:25,758 - core.engine - WARNING - Invalid face bbox: (272, 89, 790, 727)
2025-04-11 03:04:25,973 - core.engine - WARNING - Invalid face bbox: (268, 90, 790, 726)
2025-04-11 03:04:26,249 - core.engine - WARNING - Invalid face bbox: (266, 87, 787, 727)
2025-04-11 03:04:26,520 - core.engine - WARNING - Invalid face bbox: (266, 86, 790, 726)
2025-04-11 03:04:26,777 - core.engine - WARNING - Invalid face bbox: (265, 90, 785, 726)
2025-04-11 03:04:27,036 - core.engine - WARNING - Invalid face bbox: (267, 88, 788, 727)
2025-04-11 03:04:27,271 - core.engine - WARNING - Invalid face bbox: (259, 81, 782, 723)
2025-04-11 03:04:27,539 - core.engine - INFO - Recognized: shubham with confidence 1.0000
2025-04-11 03:04:27,819 - core.engine - INFO - Recognized: shubham with confidence 1.0000
2025-04-11 03:04:28,079 - core.engine - INFO - Recognized: shubham with confidence 1.0000
2025-04-11 03:04:28,351 - core.engine - INFO - Recognized: shubham with confidence 1.0000
2025-04-11 03:04:28,584 - core.engine - INFO - Recognized: shubham with confidence 1.0000
2025-04-11 03:04:28,839 - core.engine - INFO - Recognized: shubham with confidence 1.0000
2025-04-11 03:04:29,095 - core.engine - INFO - Recognized: shubham with confidence 1.0000
2025-04-11 03:04:29,342 - core.engine - INFO - Recognized: shubham with confidence 1.0000
2025-04-11 03:04:29,596 - core.engine - INFO - Recognized: shubham with confidence 1.0000
2025-04-11 03:04:29,858 - core.engine - INFO - Recognized: shubham with confidence 0.8895
2025-04-11 03:04:30,114 - core.engine - INFO - Recognized: shubham with confidence 1.0000
2025-04-11 03:04:30,366 - core.engine - INFO - Recognized: shubham with confidence 1.0000
2025-04-11 03:04:30,607 - core.engine - INFO - Recognized: shubham with confidence 1.0000
2025-04-11 03:04:30,839 - core.engine - INFO - Recognized: shubham with confidence 1.0000
2025-04-11 03:04:31,059 - core.engine - INFO - Recognized: shubham with confidence 1.0000
2025-04-11 03:04:31,297 - core.engine - INFO - Recognized: shubham with confidence 1.0000
2025-04-11 03:04:31,538 - core.engine - INFO - Recognized: shubham with confidence 1.0000
2025-04-11 03:04:31,549 - __main__ - INFO - Processed 200 frames. Avg processing time: 183.6ms
2025-04-11 03:04:31,765 - core.engine - INFO - Recognized: shubham with confidence 1.0000
2025-04-11 03:04:31,957 - core.engine - INFO - Recognized: shubham with confidence 1.0000
2025-04-11 03:04:32,179 - core.engine - INFO - Recognized: shubham with confidence 1.0000
2025-04-11 03:04:32,373 - core.engine - INFO - Recognized: shubham with confidence 1.0000
2025-04-11 03:04:32,580 - core.engine - INFO - Recognized: shubham with confidence 1.0000
2025-04-11 03:04:32,781 - core.engine - INFO - Recognized: shubham with confidence 1.0000
2025-04-11 03:04:33,011 - core.engine - INFO - Recognized: shubham with confidence 1.0000
2025-04-11 03:04:33,216 - core.engine - INFO - Recognized: shubham with confidence 1.0000
2025-04-11 03:04:33,441 - core.engine - INFO - Recognized: shubham with confidence 1.0000
2025-04-11 03:04:33,681 - core.engine - INFO - Recognized: shubham with confidence 1.0000
2025-04-11 03:04:33,886 - core.engine - INFO - Recognized: shubham with confidence 1.0000
2025-04-11 03:04:36,088 - core.engine - INFO - Recognized: suraj with confidence 0.2501
2025-04-11 03:04:36,313 - core.engine - INFO - Recognized: suraj with confidence 0.5739
2025-04-11 03:04:36,540 - core.engine - INFO - Recognized: suraj with confidence 0.3960
2025-04-11 03:04:36,771 - core.engine - INFO - Recognized: suraj with confidence 0.3869
2025-04-11 03:04:37,007 - core.engine - INFO - Recognized: suraj with confidence 0.4304
2025-04-11 03:04:37,233 - core.engine - INFO - Recognized: suraj with confidence 0.4803
2025-04-11 03:04:37,442 - core.engine - INFO - Recognized: suraj with confidence 0.5295
2025-04-11 03:04:37,673 - core.engine - INFO - Recognized: suraj with confidence 0.6100
2025-04-11 03:04:37,894 - core.engine - INFO - Recognized: suraj with confidence 0.6928
2025-04-11 03:04:38,120 - core.engine - INFO - Recognized: suraj with confidence 0.7848
2025-04-11 03:04:38,371 - core.engine - INFO - Recognized: suraj with confidence 0.8343
2025-04-11 03:04:38,623 - core.engine - INFO - Recognized: suraj with confidence 0.8866
2025-04-11 03:04:38,860 - core.engine - INFO - Recognized: suraj with confidence 0.9806
2025-04-11 03:04:39,084 - core.engine - INFO - Recognized: suraj with confidence 1.0000
2025-04-11 03:04:39,307 - core.engine - INFO - Recognized: suraj with confidence 1.0000
2025-04-11 03:04:39,892 - core.engine - INFO - Recognized: shubham with confidence 0.7139
2025-04-11 03:04:40,132 - core.engine - INFO - Recognized: shubham with confidence 0.7948
2025-04-11 03:04:40,368 - core.engine - INFO - Recognized: shubham with confidence 0.8398
2025-04-11 03:04:40,597 - core.engine - INFO - Recognized: shubham with confidence 1.0000
2025-04-11 03:04:40,825 - core.engine - INFO - Recognized: shubham with confidence 1.0000
2025-04-11 03:04:41,057 - core.engine - INFO - Recognized: shubham with confidence 1.0000
2025-04-11 03:04:41,288 - core.engine - INFO - Recognized: shubham with confidence 1.0000
2025-04-11 03:04:41,530 - core.engine - INFO - Recognized: shubham with confidence 1.0000
2025-04-11 03:04:41,756 - core.engine - INFO - Recognized: shubham with confidence 1.0000
2025-04-11 03:04:41,985 - core.engine - INFO - Recognized: shubham with confidence 1.0000
2025-04-11 03:04:42,215 - core.engine - INFO - Recognized: shubham with confidence 1.0000
2025-04-11 03:04:42,450 - core.engine - INFO - Recognized: shubham with confidence 1.0000
2025-04-11 03:04:43,370 - core.engine - INFO - Recognized: suraj with confidence 0.5940
2025-04-11 03:04:43,618 - core.engine - INFO - Recognized: suraj with confidence 0.6539
2025-04-11 03:04:43,853 - core.engine - INFO - Recognized: suraj with confidence 0.5814
2025-04-11 03:04:44,074 - core.engine - INFO - Recognized: suraj with confidence 0.5805
2025-04-11 03:04:44,292 - core.engine - INFO - Recognized: suraj with confidence 0.6212
2025-04-11 03:04:44,508 - core.engine - INFO - Recognized: suraj with confidence 0.5345
2025-04-11 03:04:44,746 - core.engine - INFO - Recognized: suraj with confidence 0.6153
2025-04-11 03:04:44,984 - core.engine - INFO - Recognized: suraj with confidence 0.6049
2025-04-11 03:04:45,215 - core.engine - INFO - Recognized: suraj with confidence 0.6914
2025-04-11 03:04:45,446 - core.engine - INFO - Recognized: suraj with confidence 0.7531
2025-04-11 03:04:45,677 - core.engine - INFO - Recognized: suraj with confidence 0.8100
2025-04-11 03:04:45,908 - core.engine - INFO - Recognized: suraj with confidence 0.9730
2025-04-11 03:04:46,116 - core.engine - INFO - Recognized: suraj with confidence 1.0000
2025-04-11 03:04:46,324 - core.engine - INFO - Recognized: suraj with confidence 1.0000
2025-04-11 03:04:46,545 - core.engine - INFO - Recognized: suraj with confidence 1.0000
2025-04-11 03:04:46,781 - core.engine - INFO - Recognized: suraj with confidence 1.0000
2025-04-11 03:04:47,001 - core.engine - INFO - Recognized: suraj with confidence 1.0000
2025-04-11 03:04:47,215 - core.engine - INFO - Recognized: suraj with confidence 1.0000
2025-04-11 03:04:47,409 - core.engine - INFO - Recognized: suraj with confidence 1.0000
2025-04-11 03:04:47,626 - core.engine - INFO - Recognized: suraj with confidence 1.0000
2025-04-11 03:04:47,849 - core.engine - INFO - Recognized: suraj with confidence 1.0000
2025-04-11 03:04:48,060 - core.engine - INFO - Recognized: suraj with confidence 1.0000
2025-04-11 03:04:48,285 - core.engine - INFO - Recognized: suraj with confidence 1.0000
2025-04-11 03:04:48,490 - core.engine - INFO - Recognized: suraj with confidence 1.0000
2025-04-11 03:04:48,713 - core.engine - INFO - Recognized: suraj with confidence 1.0000
2025-04-11 03:04:48,932 - core.engine - INFO - Recognized: suraj with confidence 1.0000
2025-04-11 03:04:49,133 - core.engine - INFO - Recognized: suraj with confidence 1.0000
2025-04-11 03:04:49,355 - core.engine - INFO - Recognized: suraj with confidence 1.0000
2025-04-11 03:04:49,574 - core.engine - INFO - Recognized: suraj with confidence 1.0000
2025-04-11 03:04:49,770 - core.engine - INFO - Recognized: suraj with confidence 1.0000
2025-04-11 03:04:49,983 - core.engine - INFO - Recognized: suraj with confidence 1.0000
2025-04-11 03:04:50,200 - core.engine - INFO - Recognized: suraj with confidence 1.0000
2025-04-11 03:04:50,420 - core.engine - INFO - Recognized: suraj with confidence 1.0000
2025-04-11 03:04:50,630 - core.engine - INFO - Recognized: suraj with confidence 1.0000
2025-04-11 03:04:50,853 - core.engine - INFO - Recognized: suraj with confidence 1.0000
2025-04-11 03:04:51,052 - core.engine - INFO - Recognized: suraj with confidence 0.7732
2025-04-11 03:04:51,283 - core.engine - INFO - Recognized: suraj with confidence 0.8606
2025-04-11 03:04:51,492 - core.engine - INFO - Recognized: suraj with confidence 1.0000
2025-04-11 03:04:51,710 - core.engine - INFO - Recognized: suraj with confidence 1.0000
2025-04-11 03:04:51,909 - core.engine - INFO - Recognized: suraj with confidence 0.7269
2025-04-11 03:04:52,476 - core.engine - INFO - Recognized: shubham with confidence 0.7265
2025-04-11 03:04:52,689 - core.engine - INFO - Recognized: shubham with confidence 0.8095
2025-04-11 03:04:52,913 - core.engine - INFO - Recognized: shubham with confidence 1.0000
2025-04-11 03:04:52,926 - __main__ - INFO - Processed 300 frames. Avg processing time: 184.4ms
2025-04-11 03:04:53,134 - core.engine - INFO - Recognized: shubham with confidence 1.0000
2025-04-11 03:04:53,344 - core.engine - INFO - Recognized: shubham with confidence 1.0000
2025-04-11 03:04:53,553 - core.engine - INFO - Recognized: shubham with confidence 1.0000
2025-04-11 03:04:53,767 - core.engine - INFO - Recognized: shubham with confidence 1.0000
2025-04-11 03:04:53,977 - core.engine - INFO - Recognized: shubham with confidence 1.0000
2025-04-11 03:04:54,182 - core.engine - INFO - Recognized: shubham with confidence 1.0000
2025-04-11 03:04:54,390 - core.engine - INFO - Recognized: shubham with confidence 1.0000
2025-04-11 03:04:54,611 - core.engine - INFO - Recognized: shubham with confidence 1.0000
2025-04-11 03:04:54,837 - core.engine - INFO - Recognized: shubham with confidence 1.0000
2025-04-11 03:04:55,047 - core.engine - INFO - Recognized: shubham with confidence 1.0000
2025-04-11 03:04:55,253 - core.engine - INFO - Recognized: shubham with confidence 1.0000
2025-04-11 03:04:55,474 - core.engine - INFO - Recognized: shubham with confidence 1.0000
2025-04-11 03:04:56,127 - core.engine - WARNING - Invalid face bbox: (1212, 258, 1315, 388)
2025-04-11 03:04:56,332 - core.engine - INFO - Recognized: suraj with confidence 0.7650
2025-04-11 03:04:56,548 - core.engine - INFO - Recognized: suraj with confidence 0.7292
2025-04-11 03:04:56,757 - core.engine - INFO - Recognized: suraj with confidence 0.6560
2025-04-11 03:04:56,966 - core.engine - INFO - Recognized: suraj with confidence 0.7361
2025-04-11 03:04:57,194 - core.engine - INFO - Recognized: suraj with confidence 0.7348
2025-04-11 03:04:57,410 - core.engine - INFO - Recognized: suraj with confidence 0.8148
2025-04-11 03:04:57,626 - core.engine - INFO - Recognized: suraj with confidence 0.9930
2025-04-11 03:04:57,843 - core.engine - INFO - Recognized: suraj with confidence 1.0000
2025-04-11 03:04:58,055 - core.engine - INFO - Recognized: suraj with confidence 1.0000
2025-04-11 03:04:58,269 - core.engine - INFO - Recognized: suraj with confidence 0.7649
2025-04-11 03:04:58,493 - core.engine - INFO - Recognized: suraj with confidence 0.9267
2025-04-11 03:04:58,699 - core.engine - INFO - Recognized: suraj with confidence 0.5674
2025-04-11 03:04:58,929 - core.engine - WARNING - Invalid face bbox: (913, -30, 1002, 94)
2025-04-11 03:05:02,748 - __main__ - INFO - Processing interrupted by user
2025-04-11 03:05:02,780 - __main__ - INFO - Processing complete. 361 frames processed in 63.52s (avg: 176.0ms/frame)
2025-04-11 03:05:02,780 - __main__ - INFO - Facial Recognition Surveillance System shut down
