2025-04-09 04:37:23,155 - __main__ - INFO - Starting Facial Recognition Surveillance System
2025-04-09 04:37:23,156 - __main__ - INFO - Initializing surveillance system...
2025-04-09 04:37:23,156 - __main__ - INFO - Initializing face detector...
2025-04-09 04:37:24,139 - __main__ - INFO - Initializing face recognizer...
2025-04-09 04:37:24,139 - __main__ - INFO - Initializing face database...
2025-04-09 04:37:24,140 - database.face_database - INFO - Loaded database with 54 identities
2025-04-09 04:37:24,140 - __main__ - INFO - Initializing memory systems...
2025-04-09 04:37:24,140 - __main__ - INFO - Initializing embedding cache...
2025-04-09 04:37:24,141 - __main__ - INFO - Initializing face tracker...
2025-04-09 04:37:24,141 - __main__ - INFO - Initializing dynamic resolution scaler...
2025-04-09 04:37:24,141 - __main__ - INFO - Initializing ROI manager...
2025-04-09 04:37:24,142 - __main__ - INFO - Initializing surveillance engine...
2025-04-09 04:37:24,142 - core.engine - INFO - Surveillance engine initialized
2025-04-09 04:37:24,142 - __main__ - INFO - Surveillance system initialized successfully
2025-04-09 04:37:24,143 - __main__ - INFO - Opening video file: C:\Users\ASUS\Downloads\WhatsApp Video 2025-04-05 at 18.51.32_df63a7bc.mp4
2025-04-09 04:37:24,179 - __main__ - INFO - Saving output to: output\processed_20250409_043724.mp4
2025-04-09 04:37:24,179 - __main__ - INFO - Starting video processing...
2025-04-09 04:37:27,945 - __main__ - INFO - Processed 100 frames. Avg processing time: 25.2ms
2025-04-09 04:37:31,373 - __main__ - INFO - Processed 200 frames. Avg processing time: 24.2ms
2025-04-09 04:37:34,907 - __main__ - INFO - Processed 300 frames. Avg processing time: 24.1ms
2025-04-09 04:37:38,363 - __main__ - INFO - Processed 400 frames. Avg processing time: 23.8ms
2025-04-09 04:37:41,768 - __main__ - INFO - Processed 500 frames. Avg processing time: 23.5ms
2025-04-09 04:37:43,842 - __main__ - INFO - End of video stream or error reading frame
2025-04-09 04:37:43,875 - __main__ - INFO - Processing complete. 549 frames processed in 13.22s (avg: 24.1ms/frame)
2025-04-09 04:37:43,875 - __main__ - INFO - Facial Recognition Surveillance System shut down
