2025-04-10 03:26:43,538 - __main__ - INFO - Starting Facial Recognition Surveillance System
2025-04-10 03:26:43,538 - __main__ - INFO - Initializing surveillance system...
2025-04-10 03:26:43,538 - __main__ - INFO - Initializing face detector...
2025-04-10 03:26:44,633 - __main__ - INFO - Initializing face recognizer...
2025-04-10 03:26:44,633 - __main__ - INFO - Initializing face database...
2025-04-10 03:26:44,635 - database.face_database - INFO - Loaded database with 54 identities
2025-04-10 03:26:44,635 - __main__ - INFO - Initializing memory systems...
2025-04-10 03:26:44,635 - __main__ - INFO - Initializing embedding cache...
2025-04-10 03:26:44,635 - __main__ - INFO - Initializing face tracker...
2025-04-10 03:26:44,635 - __main__ - INFO - Initializing dynamic resolution scaler...
2025-04-10 03:26:44,636 - __main__ - INFO - Initializing ROI manager...
2025-04-10 03:26:44,636 - __main__ - INFO - Initializing surveillance engine...
2025-04-10 03:26:44,636 - core.engine - INFO - Surveillance engine initialized
2025-04-10 03:26:44,636 - __main__ - INFO - Surveillance system initialized successfully
2025-04-10 03:26:44,636 - __main__ - INFO - Opening camera: 0
2025-04-10 03:26:45,070 - __main__ - INFO - Starting video processing...
2025-04-10 03:26:50,456 - __main__ - INFO - Processed 100 frames. Avg processing time: 36.0ms
2025-04-10 03:26:55,964 - __main__ - INFO - Processed 200 frames. Avg processing time: 37.2ms
2025-04-10 03:27:00,956 - __main__ - INFO - Processed 300 frames. Avg processing time: 36.0ms
2025-04-10 03:27:06,210 - __main__ - INFO - Processed 400 frames. Avg processing time: 35.7ms
2025-04-10 03:27:11,477 - __main__ - INFO - Processed 500 frames. Avg processing time: 35.8ms
2025-04-10 03:27:15,066 - __main__ - INFO - Processing interrupted by user
2025-04-10 03:27:15,110 - __main__ - INFO - Processing complete. 561 frames processed in 20.27s (avg: 36.1ms/frame)
2025-04-10 03:27:15,112 - __main__ - INFO - Facial Recognition Surveillance System shut down
