2025-04-10 03:14:42,854 - __main__ - INFO - Starting Facial Recognition Surveillance System
2025-04-10 03:14:42,854 - __main__ - INFO - Initializing surveillance system...
2025-04-10 03:14:42,854 - __main__ - INFO - Initializing face detector...
2025-04-10 03:14:44,302 - __main__ - INFO - Initializing face recognizer...
2025-04-10 03:14:44,302 - __main__ - INFO - Initializing face database...
2025-04-10 03:14:44,302 - database.face_database - INFO - Loaded database with 54 identities
2025-04-10 03:14:44,304 - __main__ - INFO - Initializing memory systems...
2025-04-10 03:14:44,304 - __main__ - INFO - Initializing embedding cache...
2025-04-10 03:14:44,304 - __main__ - INFO - Initializing face tracker...
2025-04-10 03:14:44,304 - __main__ - INFO - Initializing dynamic resolution scaler...
2025-04-10 03:14:44,304 - __main__ - INFO - Initializing ROI manager...
2025-04-10 03:14:44,304 - __main__ - INFO - Initializing surveillance engine...
2025-04-10 03:14:44,304 - core.engine - INFO - Surveillance engine initialized
2025-04-10 03:14:44,306 - __main__ - INFO - Surveillance system initialized successfully
2025-04-10 03:14:44,306 - __main__ - INFO - Opening camera: 0
2025-04-10 03:14:44,607 - __main__ - INFO - Starting video processing...
2025-04-10 03:14:49,756 - __main__ - INFO - Processed 100 frames. Avg processing time: 34.5ms
2025-04-10 03:14:54,057 - __main__ - INFO - Processed 200 frames. Avg processing time: 30.3ms
2025-04-10 03:14:58,719 - __main__ - INFO - Processed 300 frames. Avg processing time: 29.6ms
2025-04-10 03:15:03,380 - __main__ - INFO - Processed 400 frames. Avg processing time: 29.0ms
2025-04-10 03:15:08,825 - __main__ - INFO - Processed 500 frames. Avg processing time: 30.0ms
2025-04-10 03:15:14,300 - __main__ - INFO - Processed 600 frames. Avg processing time: 31.4ms
2025-04-10 03:15:19,142 - __main__ - INFO - Processed 700 frames. Avg processing time: 31.2ms
2025-04-10 03:15:24,069 - __main__ - INFO - Processed 800 frames. Avg processing time: 31.2ms
2025-04-10 03:15:29,131 - __main__ - INFO - Processed 900 frames. Avg processing time: 31.6ms
2025-04-10 03:15:34,146 - __main__ - INFO - Processed 1000 frames. Avg processing time: 31.9ms
2025-04-10 03:15:39,226 - __main__ - INFO - Processed 1100 frames. Avg processing time: 32.1ms
2025-04-10 03:15:44,375 - __main__ - INFO - Processed 1200 frames. Avg processing time: 32.3ms
2025-04-10 03:15:45,721 - __main__ - INFO - Processing interrupted by user
2025-04-10 03:15:45,758 - __main__ - INFO - Processing complete. 1229 frames processed in 39.61s (avg: 32.2ms/frame)
2025-04-10 03:15:45,758 - __main__ - INFO - Facial Recognition Surveillance System shut down
