2025-04-09 04:38:05,650 - __main__ - INFO - Starting Facial Recognition Surveillance System
2025-04-09 04:38:05,651 - __main__ - INFO - Initializing surveillance system...
2025-04-09 04:38:05,651 - __main__ - INFO - Initializing face detector...
2025-04-09 04:38:06,625 - __main__ - INFO - Initializing face recognizer...
2025-04-09 04:38:06,625 - __main__ - INFO - Initializing face database...
2025-04-09 04:38:06,626 - database.face_database - INFO - Loaded database with 54 identities
2025-04-09 04:38:06,626 - __main__ - INFO - Initializing memory systems...
2025-04-09 04:38:06,626 - __main__ - INFO - Initializing embedding cache...
2025-04-09 04:38:06,626 - __main__ - INFO - Initializing face tracker...
2025-04-09 04:38:06,627 - __main__ - INFO - Initializing dynamic resolution scaler...
2025-04-09 04:38:06,627 - __main__ - INFO - Initializing ROI manager...
2025-04-09 04:38:06,627 - __main__ - INFO - Initializing surveillance engine...
2025-04-09 04:38:06,628 - core.engine - INFO - Surveillance engine initialized
2025-04-09 04:38:06,628 - __main__ - INFO - Surveillance system initialized successfully
2025-04-09 04:38:06,628 - __main__ - INFO - Opening camera: 0
2025-04-09 04:38:07,003 - __main__ - INFO - Starting video processing...
2025-04-09 04:38:11,355 - __main__ - INFO - Processed 100 frames. Avg processing time: 28.7ms
2025-04-09 04:38:15,474 - __main__ - INFO - Processed 200 frames. Avg processing time: 27.8ms
2025-04-09 04:38:18,179 - __main__ - INFO - Processing interrupted by user
2025-04-09 04:38:18,217 - __main__ - INFO - Processing complete. 261 frames processed in 7.31s (avg: 28.0ms/frame)
2025-04-09 04:38:18,218 - __main__ - INFO - Facial Recognition Surveillance System shut down
