2025-04-11 03:05:59,846 - __main__ - INFO - Starting Facial Recognition Surveillance System
2025-04-11 03:05:59,846 - __main__ - INFO - Initializing surveillance system...
2025-04-11 03:05:59,846 - __main__ - INFO - Initializing face detector...
2025-04-11 03:06:00,891 - __main__ - INFO - Initializing face recognizer...
2025-04-11 03:06:00,891 - __main__ - INFO - Initializing face database...
2025-04-11 03:06:00,902 - database.face_database - INFO - Loaded database with 54 identities
2025-04-11 03:06:00,902 - __main__ - INFO - Initializing memory systems...
2025-04-11 03:06:00,902 - __main__ - INFO - Initializing embedding cache...
2025-04-11 03:06:00,902 - __main__ - INFO - Initializing face tracker...
2025-04-11 03:06:00,902 - __main__ - INFO - Initializing surveillance engine...
2025-04-11 03:06:00,903 - core.engine - INFO - Surveillance engine initialized
2025-04-11 03:06:00,903 - __main__ - INFO - Surveillance system initialized successfully
2025-04-11 03:06:00,903 - __main__ - INFO - Opening camera: 0
2025-04-11 03:06:01,204 - __main__ - INFO - Starting video processing...
2025-04-11 03:06:01,595 - core.engine - INFO - Recognized: shubham with confidence 0.6505
2025-04-11 03:06:01,896 - core.engine - INFO - Recognized: shubham with confidence 0.5431
2025-04-11 03:06:02,137 - core.engine - INFO - Recognized: shubham with confidence 0.5501
2025-04-11 03:06:02,383 - core.engine - INFO - Recognized: shubham with confidence 0.5180
2025-04-11 03:06:02,608 - core.engine - INFO - Recognized: shubham with confidence 0.7052
2025-04-11 03:06:02,829 - core.engine - INFO - Recognized: shubham with confidence 0.4744
2025-04-11 03:06:07,186 - core.engine - WARNING - Invalid face bbox: (608, -4, 700, 94)
2025-04-11 03:06:07,390 - core.engine - WARNING - Invalid face bbox: (561, -12, 646, 87)
2025-04-11 03:06:07,611 - core.engine - WARNING - Invalid face bbox: (555, -24, 644, 79)
2025-04-11 03:06:12,923 - __main__ - INFO - Processing interrupted by user
2025-04-11 03:06:12,955 - __main__ - INFO - Processing complete. 66 frames processed in 9.93s (avg: 150.5ms/frame)
2025-04-11 03:06:12,966 - __main__ - INFO - Facial Recognition Surveillance System shut down
